{"logTime": "1023/170018", "correlationVector":"tvf/usJeKnAc31ACe9AgG2.1","action":"SyncServerConnectionManagerRequest", "result":"SYNC_SERVER_OK", "context":{"environment":"Prod_francecentral_prod-s01-062-eur-francecentral", "migrationStage":"NotStarted", "server":"akswtt106000000"}}
{"logTime": "1023/170018", "correlationVector":"tvf/usJeKnAc31ACe9AgG2.2","action":"ProcessGetUpdates", "result":"Done", "context":{"dataType":"Encryption Keys", "deleted":"0", "process_failed_to_decrypt":"0", "process_pending_decryption":"0", "process_success":"1", "total":"1"}}
{"logTime": "1023/170019", "correlationVector":"eeQBhVKBqN3eUXBHLqvGF7","action":"SyncServerConnectionManagerRequest", "result":"SYNC_SERVER_OK", "context":{"environment":"", "migrationStage":"", "server":""}}
{"logTime": "1023/170019", "correlationVector":"eeQBhVKBqN3eUXBHLqvGF7.0","action":"EncryptionKeysFetcher.DownloadKeys:", "result":"Success", "context":Key count: 8, Last key timestamp: 2025-10-08T18:12:33Z}
{"logTime": "1023/170019", "correlationVector":"eeQBhVKBqN3eUXBHLqvGF7.1","action":"EncryptionKeysManager::SetEncryptionKeys:", "result":"Success", "context":Key names[8]:[miXGajDT1XHwvZIs5qARO2+tvpqmMf2LmWlpenPYF0OHhpCoCcGr2/aA/WDJYmZ0m4Zyt8UbYWi94chgxPyHzg==][f4RshEGsV4MJFK2atp73EfmnedaB91KvcmhWmnd2bY8z1XAmhH4fMFdo58xxWsikMnuZ6OHIHSdJ8CT/KzcGog==][nECmbj16q0+ySDZPAhb4yl01cJCtqEn7+EVrVRLJlQvoS/AjQWTfZv8V1bHDJ4IlYA66LhaBWkUHPCo0KU5wOQ==][ZQt/5yEUuvJXGp+z2gyKi1Sw07irtXLjB6DcyTAZC0ATFmtdQvq4EWTbtMcfMLdZZAst+HApRhxJuAt3S7GK6A==][Tg6NWpq8CTQZTLpCqvNYQdR2PHjvRbH8M41g1KMUFPyyMxwTJ0Sz166BhfMroRGb90S9qFh9FErLbOpQNEesYA==][d4e0sQZ+CfeI4t362/oOLXvE2iPec5uFYE+6cZsmzOep4kiwzi4DS/auiaWk8d0rJOemUHP+DT22p7YMvtL8dQ==][xOSyjt65M0kIruKfChlL/g10daCcJdPoaWNwNijC3ZLmcO053jZFgtIZgMem3VsVIbM7A6/gwSNImnXAES/Neg==][Pb4IsGBk/u41vaxzRBEJ8gF5btuJTkN20hMoRVeZFaJoNKYL27RyD03qHjl6hJtiPe2pvKzMez26S2leoes2Hw==]}
{"logTime": "1023/170019", "correlationVector":"eeQBhVKBqN3eUXBHLqvGF7.2","action":"EncryptionKeysManager::SetEncryptionKeysWithTimestamps:", "result":"Success", "context":Key timestamps[8]:[2021-09-19T03:56:13Z][2021-10-10T21:42:22Z][2022-09-29T04:56:02Z][2023-09-06T06:58:57Z][2024-04-11T11:37:46Z][2024-10-08T20:34:41Z][2025-04-09T10:28:48Z][2025-10-08T18:12:33Z]}
{"logTime": "1023/170019", "correlationVector":"tvf/usJeKnAc31ACe9AgG2","action":"Initial GetUpdates", "result":"", "context":Reason: NEW_CLIENT. cV=tvf/usJeKnAc31ACe9AgG2}
{"logTime": "1023/170019", "correlationVector":"tvf/usJeKnAc31ACe9AgG2.3","action":"GetUpdates Response", "result":"Success", "context":Received 1 update(s). cV=tvf/usJeKnAc31ACe9AgG2.0;server=akswtt106000000;cloudType=Consumer;environment=Prod_francecentral_prod-s01-062-eur-francecentral;migrationStage=NotStarted}
{"logTime": "1023/170019", "correlationVector":"O5zRa1RRdmVvW3a7Agb7js","action":"Initial GetUpdates", "result":"", "context":Reason: NEWLY_SUPPORTED_DATATYPE. cV=O5zRa1RRdmVvW3a7Agb7js}
{"logTime": "1023/170019", "correlationVector":"O5zRa1RRdmVvW3a7Agb7js.1","action":"SyncServerConnectionManagerRequest", "result":"SYNC_SERVER_OK", "context":{"environment":"Prod_francecentral_prod-s01-062-eur-francecentral", "migrationStage":"NotStarted", "server":"akswtt106000001"}}
{"logTime": "1023/170019", "correlationVector":"O5zRa1RRdmVvW3a7Agb7js.2","action":"ProcessGetUpdates", "result":"Done", "context":{"dataType":"Preferences", "deleted":"0", "process_failed_to_decrypt":"0", "process_pending_decryption":"0", "process_success":"101", "total":"101"}}
{"logTime": "1023/170019", "correlationVector":"O5zRa1RRdmVvW3a7Agb7js.3","action":"ProcessGetUpdates", "result":"Done", "context":{"dataType":"Device Info", "deleted":"0", "process_failed_to_decrypt":"0", "process_pending_decryption":"0", "process_success":"10", "total":"10"}}
{"logTime": "1023/170019", "correlationVector":"O5zRa1RRdmVvW3a7Agb7js.4","action":"GetUpdates Response", "result":"Success", "context":Received 111 update(s). cV=O5zRa1RRdmVvW3a7Agb7js.0;server=akswtt106000001;cloudType=Consumer;environment=Prod_francecentral_prod-s01-062-eur-francecentral;migrationStage=NotStarted}
{"logTime": "1023/170019", "correlationVector":"7udsb4w8O2LUAWd0VeBuSF","action":"Initial GetUpdates", "result":"", "context":Reason: NEWLY_SUPPORTED_DATATYPE. cV=7udsb4w8O2LUAWd0VeBuSF}
{"logTime": "1023/170019", "correlationVector":"7udsb4w8O2LUAWd0VeBuSF.1","action":"SyncServerConnectionManagerRequest", "result":"SYNC_SERVER_OK", "context":{"environment":"Prod_francecentral_prod-s01-062-eur-francecentral", "migrationStage":"NotStarted", "server":"akswtt10600000a"}}
{"logTime": "1023/170019", "correlationVector":"7udsb4w8O2LUAWd0VeBuSF.2","action":"ProcessGetUpdates", "result":"Done", "context":{"dataType":"Bookmarks", "deleted":"13", "process_failed_to_decrypt":"0", "process_pending_decryption":"0", "process_success":"58", "total":"58"}}
{"logTime": "1023/170019", "correlationVector":"7udsb4w8O2LUAWd0VeBuSF.3","action":"GetUpdates Response", "result":"Success", "context":Received 58 update(s). cV=7udsb4w8O2LUAWd0VeBuSF.0;server=akswtt10600000a;cloudType=Consumer;environment=Prod_francecentral_prod-s01-062-eur-francecentral;migrationStage=NotStarted}
{"logTime": "1023/170019", "correlationVector":"7hp1bJReNbuHbxoguvp3wB","action":"Initial GetUpdates", "result":"", "context":Reason: NEWLY_SUPPORTED_DATATYPE. cV=7hp1bJReNbuHbxoguvp3wB}
{"logTime": "1023/170020", "correlationVector":"7hp1bJReNbuHbxoguvp3wB.1","action":"SyncServerConnectionManagerRequest", "result":"SYNC_SERVER_OK", "context":{"environment":"Prod_francecentral_prod-s01-062-eur-francecentral", "migrationStage":"NotStarted", "server":"akswtt10600001a"}}
{"logTime": "1023/170020", "correlationVector":"7hp1bJReNbuHbxoguvp3wB.2","action":"ProcessGetUpdates", "result":"Done", "context":{"dataType":"Autofill Profiles", "deleted":"7", "process_failed_to_decrypt":"0", "process_pending_decryption":"0", "process_success":"8", "total":"8"}}
{"logTime": "1023/170020", "correlationVector":"7hp1bJReNbuHbxoguvp3wB.3","action":"ProcessGetUpdates", "result":"Done", "context":{"dataType":"Autofill", "deleted":"0", "process_failed_to_decrypt":"0", "process_pending_decryption":"0", "process_success":"64", "total":"64"}}
{"logTime": "1023/170020", "correlationVector":"7hp1bJReNbuHbxoguvp3wB.4","action":"ProcessGetUpdates", "result":"Done", "context":{"dataType":"Extensions", "deleted":"0", "process_failed_to_decrypt":"0", "process_pending_decryption":"0", "process_success":"3", "total":"3"}}
{"logTime": "1023/170020", "correlationVector":"7hp1bJReNbuHbxoguvp3wB.5","action":"ProcessGetUpdates", "result":"Done", "context":{"dataType":"Sessions", "deleted":"76", "process_failed_to_decrypt":"0", "process_pending_decryption":"0", "process_success":"77", "total":"77"}}
{"logTime": "1023/170020", "correlationVector":"7hp1bJReNbuHbxoguvp3wB.6","action":"ProcessGetUpdates", "result":"Done", "context":{"dataType":"Edge Hub App Usage", "deleted":"0", "process_failed_to_decrypt":"0", "process_pending_decryption":"0", "process_success":"3", "total":"3"}}
{"logTime": "1023/170020", "correlationVector":"7hp1bJReNbuHbxoguvp3wB.7","action":"GetUpdates Response", "result":"Success", "context":Received 155 update(s). cV=7hp1bJReNbuHbxoguvp3wB.0;server=akswtt10600001a;cloudType=Consumer;environment=Prod_francecentral_prod-s01-062-eur-francecentral;migrationStage=NotStarted}
{"logTime": "1023/170020", "correlationVector":"7EARrc6sh2q+PAm1Ax3tP1","action":"Initial GetUpdates", "result":"", "context":Reason: NEWLY_SUPPORTED_DATATYPE. cV=7EARrc6sh2q+PAm1Ax3tP1}
{"logTime": "1023/170020", "correlationVector":"7EARrc6sh2q+PAm1Ax3tP1.1","action":"SyncServerConnectionManagerRequest", "result":"SYNC_SERVER_OK", "context":{"environment":"Prod_francecentral_prod-s01-062-eur-francecentral", "migrationStage":"NotStarted", "server":"akswtt10600000k"}}
{"logTime": "1023/170020", "correlationVector":"7EARrc6sh2q+PAm1Ax3tP1.2","action":"ProcessGetUpdates", "result":"Done", "context":{"dataType":"History", "deleted":"0", "process_failed_to_decrypt":"0", "process_pending_decryption":"0", "process_success":"250", "total":"250"}}
{"logTime": "1023/170020", "correlationVector":"7EARrc6sh2q+PAm1Ax3tP1.3","action":"GetUpdates Response", "result":"Success", "context":Received 250 update(s). cV=7EARrc6sh2q+PAm1Ax3tP1.0;server=akswtt10600000k;cloudType=Consumer;environment=Prod_francecentral_prod-s01-062-eur-francecentral;migrationStage=NotStarted Some updates remain.}
{"logTime": "1023/170020", "correlationVector":"p1NzUFVuvYGZ1yxUELdBEy","action":"Initial GetUpdates", "result":"", "context":Reason: NEWLY_SUPPORTED_DATATYPE. cV=p1NzUFVuvYGZ1yxUELdBEy}
{"logTime": "1023/170021", "correlationVector":"p1NzUFVuvYGZ1yxUELdBEy.1","action":"SyncServerConnectionManagerRequest", "result":"SYNC_SERVER_OK", "context":{"environment":"Prod_francecentral_prod-s01-062-eur-francecentral", "migrationStage":"NotStarted", "server":"akswtt10600000b"}}
{"logTime": "1023/170021", "correlationVector":"p1NzUFVuvYGZ1yxUELdBEy.2","action":"ProcessGetUpdates", "result":"Done", "context":{"dataType":"History", "deleted":"0", "process_failed_to_decrypt":"0", "process_pending_decryption":"0", "process_success":"197", "total":"197"}}
{"logTime": "1023/170021", "correlationVector":"p1NzUFVuvYGZ1yxUELdBEy.3","action":"GetUpdates Response", "result":"Success", "context":Received 197 update(s). cV=p1NzUFVuvYGZ1yxUELdBEy.0;server=akswtt10600000b;cloudType=Consumer;environment=Prod_francecentral_prod-s01-062-eur-francecentral;migrationStage=NotStarted}
{"logTime": "1023/170021", "correlationVector":"jfbRCtIsOh7se+wfgAsOwj","action":"Normal GetUpdate request", "result":"", "context":cV=jfbRCtIsOh7se+wfgAsOwj
Nudged types: Sessions, Device Info, User Consents
Refresh requested types: Bookmarks, Preferences, Passwords, Autofill Profiles, Autofill, Extensions, Sessions, Extension settings, History Delete Directives, Device Info, User Consents, Send Tab To Self, Web Apps, History, Saved Tab Group, WebAuthn Credentials, Collection, Edge E Drop, Edge Hub App Usage, Edge Wallet, Encryption Keys}
{"logTime": "1023/170021", "correlationVector":"jfbRCtIsOh7se+wfgAsOwj.1","action":"SyncServerConnectionManagerRequest", "result":"SYNC_SERVER_OK", "context":{"environment":"Prod_francecentral_prod-s01-062-eur-francecentral", "migrationStage":"NotStarted", "server":"akswtt10600000v"}}
{"logTime": "1023/170021", "correlationVector":"jfbRCtIsOh7se+wfgAsOwj.2","action":"GetUpdates Response", "result":"Success", "context":Received 0 update(s). cV=jfbRCtIsOh7se+wfgAsOwj.0;server=akswtt10600000v;cloudType=Consumer;environment=Prod_francecentral_prod-s01-062-eur-francecentral;migrationStage=NotStarted}
{"logTime": "1023/170021", "correlationVector":"FsPrVbczt/b1cjCjolXQXf","action":"DoCompareDataConsistency requsted types: ", "result":"Bookmarks, Preferences, Passwords, Extensions, Extension settings, History Delete Directives, Send Tab To Self, Web Apps, History, Saved Tab Group, WebAuthn Credentials, Collection, Edge E Drop, Edge Wallet, Encryption Keys"}
{"logTime": "1023/170021", "correlationVector":"FsPrVbczt/b1cjCjolXQXf.0","action":"CompareDataConsistency result: ", "result":"Compare result: Encryption Keys is consistent. local entities count is: 1 local entities hash is: 3sJL9Kjnd1A3z66BO8Z/YNHqhUM="}
{"logTime": "1023/170021", "correlationVector":"FsPrVbczt/b1cjCjolXQXf.1","action":"CompareDataConsistency result: ", "result":"Compare result: Bookmarks is consistent. local entities count is: 39 local entities hash is: c7KtXNJf3q8OVh8HMiM5JaG4yrA="}
{"logTime": "1023/170021", "correlationVector":"FsPrVbczt/b1cjCjolXQXf.2","action":"CompareDataConsistency result: ", "result":"Compare result: Preferences is consistent. local entities count is: 101 local entities hash is: B5VJk/zWIonliiOIR4eCVRpvE6U="}
{"logTime": "1023/170021", "correlationVector":"FsPrVbczt/b1cjCjolXQXf.3","action":"CompareDataConsistency result: ", "result":"Compare result: Extensions is consistent. local entities count is: 3 local entities hash is: ItAmOLWuBfKQHTXz+eMAIInWdQY="}
{"logTime": "1023/170021", "correlationVector":"FsPrVbczt/b1cjCjolXQXf.4","action":"CompareDataConsistency result: ", "result":"Compare result: Extension settings is consistent. local entities count is: 0 local entities hash is: "}
{"logTime": "1023/170021", "correlationVector":"FsPrVbczt/b1cjCjolXQXf.5","action":"CompareDataConsistency result: ", "result":"Compare result: History Delete Directives is consistent. local entities count is: 0 local entities hash is: "}
{"logTime": "1023/170021", "correlationVector":"FsPrVbczt/b1cjCjolXQXf.6","action":"CompareDataConsistency result: ", "result":"Server did not send this Send Tab To Self local entities count is: 0 local entities hash is: "}
{"logTime": "1023/170021", "correlationVector":"FsPrVbczt/b1cjCjolXQXf.7","action":"CompareDataConsistency result: ", "result":"Compare result: Web Apps is consistent. local entities count is: 0 local entities hash is: "}
{"logTime": "1023/170021", "correlationVector":"FsPrVbczt/b1cjCjolXQXf.8","action":"CompareDataConsistency result: ", "result":"Server did not send this History local entities count is: 0 local entities hash is: "}
{"logTime": "1023/170021", "correlationVector":"FsPrVbczt/b1cjCjolXQXf.9","action":"CompareDataConsistency result: ", "result":"Compare result: Saved Tab Group is consistent. local entities count is: 0 local entities hash is: "}
{"logTime": "1023/170021", "correlationVector":"FsPrVbczt/b1cjCjolXQXf.10","action":"CompareDataConsistency result: ", "result":"Server did not send this WebAuthn Credentials local entities count is: 0 local entities hash is: "}
{"logTime": "1023/170021", "correlationVector":"FsPrVbczt/b1cjCjolXQXf.11","action":"CompareDataConsistency result: ", "result":"Compare result: Collection is consistent. local entities count is: 0 local entities hash is: "}
{"logTime": "1023/170021", "correlationVector":"FsPrVbczt/b1cjCjolXQXf.12","action":"CompareDataConsistency result: ", "result":"Compare result: Edge E Drop is consistent. local entities count is: 0 local entities hash is: "}
{"logTime": "1023/170021", "correlationVector":"FsPrVbczt/b1cjCjolXQXf.13","action":"CompareDataConsistency result: ", "result":"Compare result: Edge Wallet is consistent. local entities count is: 0 local entities hash is: "}
{"logTime": "1023/170021", "correlationVector":"FsPrVbczt/b1cjCjolXQXf.14","action":"CompareDataConsistency result: ", "result":"Compare result: Passwords is consistent. local entities count is: 0 local entities hash is: "}
{"logTime": "1023/170021", "correlationVector":"BrAuQaDKlry6dsVaCCerYT","action":"Commit Request", "result":"", "context":Item count: 5
Contributing types: Sessions, Device Info, User Consents}
{"logTime": "1023/170021", "correlationVector":"BrAuQaDKlry6dsVaCCerYT.1","action":"SyncServerConnectionManagerRequest", "result":"SYNC_SERVER_OK", "context":{"environment":"Prod_francecentral_prod-s01-062-eur-francecentral", "migrationStage":"NotStarted", "server":"akswtt106000000"}}
{"logTime": "1023/170021", "correlationVector":"BrAuQaDKlry6dsVaCCerYT.2","action":"Commit Response", "result":"Success", "context":Result: Success. cV=BrAuQaDKlry6dsVaCCerYT.0;server=akswtt106000000;cloudType=Consumer;environment=Prod_francecentral_prod-s01-062-eur-francecentral;migrationStage=NotStarted}
{"logTime": "1023/170021", "correlationVector":"","action":"DIAGNOSTIC_REQUEST|v1/diagnosticData/Diagnostic.SendCheckResult()|SUCCESS", "result":""}
{"logTime": "1023/170659", "correlationVector":"R7wMKzFzfqFOIeJresXuwA.1","action":"SyncServerConnectionManagerRequest", "result":"SYNC_SERVER_OK", "context":{"environment":"Prod_francecentral_prod-s01-062-eur-francecentral", "migrationStage":"NotStarted", "server":"akswtt106000009"}}
{"logTime": "1023/170659", "correlationVector":"R7wMKzFzfqFOIeJresXuwA.2","action":"ProcessGetUpdates", "result":"Done", "context":{"dataType":"Encryption Keys", "deleted":"0", "process_failed_to_decrypt":"0", "process_pending_decryption":"0", "process_success":"1", "total":"1"}}
{"logTime": "1023/170700", "correlationVector":"AjSYpRuuN5h0bKmUvxoupz","action":"SyncServerConnectionManagerRequest", "result":"SYNC_SERVER_OK", "context":{"environment":"", "migrationStage":"", "server":""}}
{"logTime": "1023/170700", "correlationVector":"AjSYpRuuN5h0bKmUvxoupz.0","action":"EncryptionKeysFetcher.DownloadKeys:", "result":"Success", "context":Key count: 8, Last key timestamp: 2025-10-08T18:12:33Z}
{"logTime": "1023/170701", "correlationVector":"AjSYpRuuN5h0bKmUvxoupz.1","action":"EncryptionKeysManager::SetEncryptionKeys:", "result":"Success", "context":Key names[8]:[miXGajDT1XHwvZIs5qARO2+tvpqmMf2LmWlpenPYF0OHhpCoCcGr2/aA/WDJYmZ0m4Zyt8UbYWi94chgxPyHzg==][f4RshEGsV4MJFK2atp73EfmnedaB91KvcmhWmnd2bY8z1XAmhH4fMFdo58xxWsikMnuZ6OHIHSdJ8CT/KzcGog==][nECmbj16q0+ySDZPAhb4yl01cJCtqEn7+EVrVRLJlQvoS/AjQWTfZv8V1bHDJ4IlYA66LhaBWkUHPCo0KU5wOQ==][ZQt/5yEUuvJXGp+z2gyKi1Sw07irtXLjB6DcyTAZC0ATFmtdQvq4EWTbtMcfMLdZZAst+HApRhxJuAt3S7GK6A==][Tg6NWpq8CTQZTLpCqvNYQdR2PHjvRbH8M41g1KMUFPyyMxwTJ0Sz166BhfMroRGb90S9qFh9FErLbOpQNEesYA==][d4e0sQZ+CfeI4t362/oOLXvE2iPec5uFYE+6cZsmzOep4kiwzi4DS/auiaWk8d0rJOemUHP+DT22p7YMvtL8dQ==][xOSyjt65M0kIruKfChlL/g10daCcJdPoaWNwNijC3ZLmcO053jZFgtIZgMem3VsVIbM7A6/gwSNImnXAES/Neg==][Pb4IsGBk/u41vaxzRBEJ8gF5btuJTkN20hMoRVeZFaJoNKYL27RyD03qHjl6hJtiPe2pvKzMez26S2leoes2Hw==]}
{"logTime": "1023/170701", "correlationVector":"AjSYpRuuN5h0bKmUvxoupz.2","action":"EncryptionKeysManager::SetEncryptionKeysWithTimestamps:", "result":"Success", "context":Key timestamps[8]:[2021-09-19T03:56:13Z][2021-10-10T21:42:22Z][2022-09-29T04:56:02Z][2023-09-06T06:58:57Z][2024-04-11T11:37:46Z][2024-10-08T20:34:41Z][2025-04-09T10:28:48Z][2025-10-08T18:12:33Z]}
{"logTime": "1023/170701", "correlationVector":"R7wMKzFzfqFOIeJresXuwA","action":"Initial GetUpdates", "result":"", "context":Reason: NEW_CLIENT. cV=R7wMKzFzfqFOIeJresXuwA}
{"logTime": "1023/170701", "correlationVector":"R7wMKzFzfqFOIeJresXuwA.3","action":"GetUpdates Response", "result":"Success", "context":Received 1 update(s). cV=R7wMKzFzfqFOIeJresXuwA.0;server=akswtt106000009;cloudType=Consumer;environment=Prod_francecentral_prod-s01-062-eur-francecentral;migrationStage=NotStarted}
{"logTime": "1023/170701", "correlationVector":"6Kx7YG+LHAQIvRma4RNBq1","action":"Normal GetUpdate request", "result":"", "context":cV=6Kx7YG+LHAQIvRma4RNBq1
Nudged types: Sessions, History
Refresh requested types: Bookmarks, Preferences, Passwords, Autofill Profiles, Autofill, Extensions, Sessions, Extension settings, History Delete Directives, Device Info, User Consents, Send Tab To Self, Web Apps, History, Saved Tab Group, WebAuthn Credentials, Collection, Edge E Drop, Edge Hub App Usage, Edge Wallet, Encryption Keys}
{"logTime": "1023/170701", "correlationVector":"6Kx7YG+LHAQIvRma4RNBq1.1","action":"SyncServerConnectionManagerRequest", "result":"SYNC_SERVER_OK", "context":{"environment":"Prod_francecentral_prod-s01-062-eur-francecentral", "migrationStage":"NotStarted", "server":"akswtt10600001a"}}
{"logTime": "1023/170701", "correlationVector":"6Kx7YG+LHAQIvRma4RNBq1.2","action":"ProcessGetUpdates", "result":"Done", "context":{"dataType":"Sessions", "deleted":"0", "process_failed_to_decrypt":"0", "process_pending_decryption":"0", "process_success":"2", "total":"2"}}
{"logTime": "1023/170701", "correlationVector":"6Kx7YG+LHAQIvRma4RNBq1.3","action":"ProcessGetUpdates", "result":"Done", "context":{"dataType":"Device Info", "deleted":"0", "process_failed_to_decrypt":"0", "process_pending_decryption":"0", "process_success":"1", "total":"1"}}
{"logTime": "1023/170701", "correlationVector":"6Kx7YG+LHAQIvRma4RNBq1.4","action":"GetUpdates Response", "result":"Success", "context":Received 3 update(s). cV=6Kx7YG+LHAQIvRma4RNBq1.0;server=akswtt10600001a;cloudType=Consumer;environment=Prod_francecentral_prod-s01-062-eur-francecentral;migrationStage=NotStarted}
{"logTime": "1023/170701", "correlationVector":"2pr1+1kqYnksAB4WG/F/eX","action":"Commit Request", "result":"", "context":Item count: 4
Contributing types: Sessions, History}
{"logTime": "1023/170701", "correlationVector":"2pr1+1kqYnksAB4WG/F/eX.1","action":"SyncServerConnectionManagerRequest", "result":"SYNC_SERVER_OK", "context":{"environment":"Prod_francecentral_prod-s01-062-eur-francecentral", "migrationStage":"NotStarted", "server":"akswtt106000010"}}
{"logTime": "1023/170701", "correlationVector":"2pr1+1kqYnksAB4WG/F/eX.3","action":"Commit.Sessions", "result":"Success", "context":{"id":"1004f5d3-7d95-479e-846d-2c767c8ec304", "isDeleted":"true", "size":"0", "version":"1761238821600"}}
{"logTime": "1023/170701", "correlationVector":"2pr1+1kqYnksAB4WG/F/eX.2","action":"Commit Response", "result":"Success", "context":Result: Success. cV=2pr1+1kqYnksAB4WG/F/eX.0;server=akswtt106000010;cloudType=Consumer;environment=Prod_francecentral_prod-s01-062-eur-francecentral;migrationStage=NotStarted}
