2025-10-23 16:59:56.834: [INFO][Sync] Reset engine, reason: 8
2025-10-23 16:59:56.834: [INFO][Sync] Stopped: Bookmarks
2025-10-23 16:59:56.834: [INFO][Sync] Stopped: Preferences
2025-10-23 16:59:56.837: [INFO][Sync] Stopped: Passwords
2025-10-23 16:59:56.837: [INFO][Sync] Stopped: Autofill Profiles
2025-10-23 16:59:56.837: [INFO][Sync] Stopped: Autofill
2025-10-23 16:59:56.837: [INFO][Sync] Stopped: Extensions
2025-10-23 16:59:56.837: [INFO][Sync] Stopped: Sessions
2025-10-23 16:59:56.837: [INFO][Sync] Stopped: Extension settings
2025-10-23 16:59:56.837: [INFO][Sync] Stopped: History Delete Directives
2025-10-23 16:59:56.837: [INFO][Sync] Stopped: Device Info
2025-10-23 16:59:56.837: [INFO][Sync] Stopped: User Consents
2025-10-23 16:59:56.837: [INFO][Sync] Stopped: Send Tab To Self
2025-10-23 16:59:56.837: [INFO][Sync] Stopped: Web Apps
2025-10-23 16:59:56.837: [INFO][Sync] Stopped: History
2025-10-23 16:59:56.837: [INFO][Sync] Stopped: Saved Tab Group
2025-10-23 16:59:56.837: [INFO][Sync] Stopped: WebAuthn Credentials
2025-10-23 16:59:56.837: [INFO][Sync] Stopped: Collection
2025-10-23 16:59:56.837: [INFO][Sync] Stopped: Edge E Drop
2025-10-23 16:59:56.837: [INFO][Sync] Stopped: Edge Hub App Usage
2025-10-23 16:59:56.837: [INFO][Sync] Stopped: Edge Wallet
2025-10-23 16:59:56.838: [INFO][Sync] SyncState after authenticated was: NotSignedIn
2025-10-23 16:59:57.419: [INFO][Sync] Reset engine, reason: 8
2025-10-23 16:59:57.419: [INFO][Sync] Stopped: Bookmarks
2025-10-23 16:59:57.419: [INFO][Sync] Stopped: Preferences
2025-10-23 16:59:57.419: [INFO][Sync] Stopped: Passwords
2025-10-23 16:59:57.419: [INFO][Sync] Stopped: Autofill Profiles
2025-10-23 16:59:57.419: [INFO][Sync] Stopped: Autofill
2025-10-23 16:59:57.419: [INFO][Sync] Stopped: Extensions
2025-10-23 16:59:57.419: [INFO][Sync] Stopped: Sessions
2025-10-23 16:59:57.419: [INFO][Sync] Stopped: Extension settings
2025-10-23 16:59:57.419: [INFO][Sync] Stopped: History Delete Directives
2025-10-23 16:59:57.419: [INFO][Sync] Stopped: Device Info
2025-10-23 16:59:57.419: [INFO][Sync] Stopped: User Consents
2025-10-23 16:59:57.419: [INFO][Sync] Stopped: Send Tab To Self
2025-10-23 16:59:57.419: [INFO][Sync] Stopped: Web Apps
2025-10-23 16:59:57.419: [INFO][Sync] Stopped: History
2025-10-23 16:59:57.419: [INFO][Sync] Stopped: Saved Tab Group
2025-10-23 16:59:57.419: [INFO][Sync] Stopped: WebAuthn Credentials
2025-10-23 16:59:57.419: [INFO][Sync] Stopped: Collection
2025-10-23 16:59:57.419: [INFO][Sync] Stopped: Edge E Drop
2025-10-23 16:59:57.419: [INFO][Sync] Stopped: Edge Hub App Usage
2025-10-23 16:59:57.419: [INFO][Sync] Stopped: Edge Wallet
2025-10-23 16:59:59.453: [INFO][Sync] Try to start sync engine
2025-10-23 16:59:59.454: [INFO][SyncManagerImpl::NudgeForInitialDownload] Initial download nudge for Encryption Keys
2025-10-23 16:59:59.454: [INFO][SyncEngineBackend::LoadAndConnectNigoriController] Load and connect Nigori controller
2025-10-23 16:59:59.454: [INFO][SyncEngineBackend::DoInitialize] Control Types added: Encryption Keys
2025-10-23 16:59:59.454: [INFO][SyncManagerImpl::ConfigureSyncer] Types to download: Encryption Keys with reason: 3
2025-10-23 16:59:59.455: [INFO][SyncSchedulerImpl::DoConfigurationSyncCycleJob] Configure job was blocked
2025-10-23 17:00:00.443: [INFO][SyncAuthManager::SetLastAuthError] Current auth error: None
2025-10-23 17:00:00.443: [INFO][SyncAuthManager::EdgeLogTokenErrorState] Token error with: None for account type: MSA
2025-10-23 17:00:00.443: [INFO][Sync] Credentials changed for: EdgeSyncKeyDataScope
2025-10-23 17:00:00.443: [INFO][SyncEngineBackend::DoUpdateKeyDataCredentials] Update key data credentials
2025-10-23 17:00:18.665: [INFO][SyncAuthManager::SetLastAuthError] Current auth error: None
2025-10-23 17:00:18.665: [INFO][SyncAuthManager::EdgeLogTokenErrorState] Token error with: None for account type: MSA
2025-10-23 17:00:18.665: [INFO][Sync] Credentials changed for: EdgeSyncScopeNew
2025-10-23 17:00:18.665: [INFO][SyncEngineBackend::DoUpdateCredentials] Update credentials
2025-10-23 17:00:18.665: [INFO][SyncSchedulerImpl::DoConfigurationSyncCycleJob] Blocked types:  and types to download: Encryption Keys
2025-10-23 17:00:18.987: [INFO][SyncEngineBackend::DoUpdateKeyDataCredentials] Update key data credentials
2025-10-23 17:00:18.996: [INFO][Sync] Started DataTypeManager configuration, reason: 4
2025-10-23 17:00:18.996: [INFO][Sync] Configuring for: Bookmarks, Preferences, Passwords, Autofill Profiles, Autofill, Extensions, Sessions, Extension settings, History Delete Directives, Device Info, User Consents, Send Tab To Self, Web Apps, History, Saved Tab Group, WebAuthn Credentials, Collection, Edge E Drop, Edge Hub App Usage, Edge Wallet, Encryption Keys, reason: 3, current state: 0
2025-10-23 17:00:18.996: [WARN][Sync] Crypto error data types: Passwords, Autofill Profiles, Autofill
2025-10-23 17:00:18.997: [INFO][Sync] Configure, desired: Bookmarks, Preferences, Extensions, Sessions, Extension settings, History Delete Directives, Device Info, User Consents, Send Tab To Self, Web Apps, History, Saved Tab Group, WebAuthn Credentials, Collection, Edge E Drop, Edge Hub App Usage, Edge Wallet, Encryption Keys; Allow fail: Passwords, Autofill Profiles, Autofill
2025-10-23 17:00:18.997: [INFO][Sync] Loading: Bookmarks
2025-10-23 17:00:18.997: [INFO][Sync] Loading: Preferences
2025-10-23 17:00:18.997: [INFO][Sync] Loading: Extensions
2025-10-23 17:00:18.997: [INFO][Sync] Loading: Sessions
2025-10-23 17:00:18.997: [INFO][Sync] Loading: Extension settings
2025-10-23 17:00:18.997: [INFO][Sync] Loading: History Delete Directives
2025-10-23 17:00:18.997: [INFO][Sync] Loading: Device Info
2025-10-23 17:00:18.997: [INFO][Sync] Loading: User Consents
2025-10-23 17:00:18.997: [INFO][Sync] Loading: Send Tab To Self
2025-10-23 17:00:18.997: [INFO][Sync] Loading: Web Apps
2025-10-23 17:00:18.997: [INFO][Sync] Loading: History
2025-10-23 17:00:18.997: [INFO][Sync] Loading: Saved Tab Group
2025-10-23 17:00:18.997: [INFO][Sync] Loading: WebAuthn Credentials
2025-10-23 17:00:18.997: [INFO][Sync] Loading: Collection
2025-10-23 17:00:18.997: [INFO][Sync] Loading: Edge E Drop
2025-10-23 17:00:18.997: [INFO][Sync] Loading: Edge Hub App Usage
2025-10-23 17:00:18.997: [INFO][Sync] Loading: Edge Wallet
2025-10-23 17:00:19.000: [INFO][Sync] All data types are ready for configure.
2025-10-23 17:00:19.383: [INFO][Sync] Started DataTypeManager configuration, reason: 5
2025-10-23 17:00:19.383: [INFO][Sync] Configuring for: Bookmarks, Preferences, Passwords, Autofill Profiles, Autofill, Extensions, Sessions, Extension settings, History Delete Directives, Device Info, User Consents, Send Tab To Self, Web Apps, History, Saved Tab Group, WebAuthn Credentials, Collection, Edge E Drop, Edge Hub App Usage, Edge Wallet, Encryption Keys, reason: 5, current state: 1
2025-10-23 17:00:19.388: [INFO][SyncEngineBackend::DoStartConfiguration] Start configuration
2025-10-23 17:00:19.388: [INFO][SyncManagerImpl::NudgeForInitialDownload] Initial download nudge for Bookmarks
2025-10-23 17:00:19.388: [INFO][SyncManagerImpl::NudgeForInitialDownload] Initial download nudge for Preferences
2025-10-23 17:00:19.388: [INFO][SyncManagerImpl::NudgeForInitialDownload] Initial download nudge for Extensions
2025-10-23 17:00:19.388: [INFO][SyncManagerImpl::NudgeForInitialDownload] Initial download nudge for Sessions
2025-10-23 17:00:19.388: [INFO][SyncManagerImpl::NudgeForInitialDownload] Initial download nudge for Extension settings
2025-10-23 17:00:19.388: [INFO][SyncManagerImpl::NudgeForInitialDownload] Initial download nudge for History Delete Directives
2025-10-23 17:00:19.388: [INFO][SyncManagerImpl::NudgeForInitialDownload] Initial download nudge for Device Info
2025-10-23 17:00:19.388: [INFO][SyncManagerImpl::NudgeForInitialDownload] Initial download nudge for Send Tab To Self
2025-10-23 17:00:19.388: [INFO][SyncManagerImpl::NudgeForInitialDownload] Initial download nudge for Web Apps
2025-10-23 17:00:19.388: [INFO][SyncManagerImpl::NudgeForInitialDownload] Initial download nudge for History
2025-10-23 17:00:19.388: [INFO][SyncManagerImpl::NudgeForInitialDownload] Initial download nudge for Saved Tab Group
2025-10-23 17:00:19.388: [INFO][SyncManagerImpl::NudgeForInitialDownload] Initial download nudge for WebAuthn Credentials
2025-10-23 17:00:19.388: [INFO][SyncManagerImpl::NudgeForInitialDownload] Initial download nudge for Collection
2025-10-23 17:00:19.388: [INFO][SyncManagerImpl::NudgeForInitialDownload] Initial download nudge for Edge E Drop
2025-10-23 17:00:19.388: [INFO][SyncManagerImpl::NudgeForInitialDownload] Initial download nudge for Edge Hub App Usage
2025-10-23 17:00:19.388: [INFO][SyncManagerImpl::NudgeForInitialDownload] Initial download nudge for Edge Wallet
2025-10-23 17:00:19.388: [INFO][SyncManagerImpl::ConfigureSyncer] Types to download:  with reason: 3
2025-10-23 17:00:19.388: [INFO][SyncEngineBackend::DoFinishConfigureDataTypes] Failed to download types:  and succeeded types: 
2025-10-23 17:00:19.388: [INFO][Sync] ConfigurationDone, failed: , succeeded: , remaining count: 4
2025-10-23 17:00:19.388: [WARN][Sync]     Reconfigure requested while configuration ongoing.
2025-10-23 17:00:19.388: [INFO][Sync] Configuring for: Bookmarks, Preferences, Passwords, Autofill Profiles, Autofill, Extensions, Sessions, Extension settings, History Delete Directives, Device Info, User Consents, Send Tab To Self, Web Apps, History, Saved Tab Group, WebAuthn Credentials, Collection, Edge E Drop, Edge Hub App Usage, Edge Wallet, Encryption Keys, reason: 5, current state: 2
2025-10-23 17:00:19.388: [INFO][Sync] Configure, desired: Bookmarks, Preferences, Passwords, Autofill Profiles, Autofill, Extensions, Sessions, Extension settings, History Delete Directives, Device Info, User Consents, Send Tab To Self, Web Apps, History, Saved Tab Group, WebAuthn Credentials, Collection, Edge E Drop, Edge Hub App Usage, Edge Wallet, Encryption Keys; Allow fail: 
2025-10-23 17:00:19.388: [INFO][Sync] Loading: Passwords
2025-10-23 17:00:19.388: [INFO][Sync] Loading: Autofill Profiles
2025-10-23 17:00:19.388: [INFO][Sync] Loading: Autofill
2025-10-23 17:00:19.388: [INFO][Sync] All data types are ready for configure.
2025-10-23 17:00:19.389: [INFO][SyncManagerImpl::NudgeForInitialDownload] Initial download nudge for Passwords
2025-10-23 17:00:19.389: [INFO][SyncManagerImpl::NudgeForInitialDownload] Initial download nudge for Autofill Profiles
2025-10-23 17:00:19.389: [INFO][SyncManagerImpl::NudgeForInitialDownload] Initial download nudge for Autofill
2025-10-23 17:00:19.389: [INFO][SyncManagerImpl::ConfigureSyncer] Types to download:  with reason: 5
2025-10-23 17:00:19.389: [INFO][SyncEngineBackend::DoFinishConfigureDataTypes] Failed to download types:  and succeeded types: 
2025-10-23 17:00:19.389: [INFO][Sync] ConfigurationDone, failed: , succeeded: , remaining count: 4
2025-10-23 17:00:19.389: [INFO][Sync] Prepare to configure types: Preferences, Passwords, Device Info, Send Tab To Self, Edge E Drop, Encryption Keys
2025-10-23 17:00:19.389: [INFO][SyncManagerImpl::ConfigureSyncer] Types to download: Preferences, Passwords, Device Info, Send Tab To Self, Edge E Drop, Encryption Keys with reason: 5
2025-10-23 17:00:19.389: [INFO][SyncSchedulerImpl::DoConfigurationSyncCycleJob] Blocked types:  and types to download: Preferences, Passwords, Device Info, Send Tab To Self, Edge E Drop, Encryption Keys
2025-10-23 17:00:19.601: [INFO][SyncEngineBackend::DoFinishConfigureDataTypes] Failed to download types:  and succeeded types: Preferences, Passwords, Device Info, Send Tab To Self, Edge E Drop, Encryption Keys
2025-10-23 17:00:19.622: [INFO][Sync] ConfigurationDone, failed: , succeeded: Preferences, Passwords, Device Info, Send Tab To Self, Edge E Drop, Encryption Keys, remaining count: 3
2025-10-23 17:00:19.622: [INFO][Sync] Prepare to configure types: Bookmarks, Encryption Keys
2025-10-23 17:00:19.622: [INFO][SyncManagerImpl::ConfigureSyncer] Types to download: Bookmarks, Encryption Keys with reason: 5
2025-10-23 17:00:19.622: [INFO][SyncSchedulerImpl::DoConfigurationSyncCycleJob] Blocked types:  and types to download: Bookmarks, Encryption Keys
2025-10-23 17:00:19.847: [INFO][SyncEngineBackend::DoFinishConfigureDataTypes] Failed to download types:  and succeeded types: Bookmarks, Encryption Keys
2025-10-23 17:00:19.856: [INFO][Sync] ConfigurationDone, failed: , succeeded: Bookmarks, Encryption Keys, remaining count: 2
2025-10-23 17:00:19.856: [INFO][Sync] Prepare to configure types: Autofill Profiles, Autofill, Extensions, Sessions, Extension settings, History Delete Directives, Web Apps, Saved Tab Group, WebAuthn Credentials, Collection, Edge Hub App Usage, Edge Wallet, Encryption Keys
2025-10-23 17:00:19.856: [INFO][SyncManagerImpl::ConfigureSyncer] Types to download: Autofill Profiles, Autofill, Extensions, Sessions, Extension settings, History Delete Directives, Web Apps, Saved Tab Group, WebAuthn Credentials, Collection, Edge Hub App Usage, Edge Wallet, Encryption Keys with reason: 5
2025-10-23 17:00:19.856: [INFO][SyncSchedulerImpl::DoConfigurationSyncCycleJob] Blocked types:  and types to download: Autofill Profiles, Autofill, Extensions, Sessions, Extension settings, History Delete Directives, Web Apps, Saved Tab Group, WebAuthn Credentials, Collection, Edge Hub App Usage, Edge Wallet, Encryption Keys
2025-10-23 17:00:20.099: [INFO][SyncEngineBackend::DoFinishConfigureDataTypes] Failed to download types:  and succeeded types: Autofill Profiles, Autofill, Extensions, Sessions, Extension settings, History Delete Directives, Web Apps, Saved Tab Group, WebAuthn Credentials, Collection, Edge Hub App Usage, Edge Wallet, Encryption Keys
2025-10-23 17:00:20.099: [INFO][Sync] ConfigurationDone, failed: , succeeded: Autofill Profiles, Autofill, Extensions, Sessions, Extension settings, History Delete Directives, Web Apps, Saved Tab Group, WebAuthn Credentials, Collection, Edge Hub App Usage, Edge Wallet, Encryption Keys, remaining count: 1
2025-10-23 17:00:20.101: [INFO][Sync] Prepare to configure types: History, Encryption Keys
2025-10-23 17:00:20.101: [INFO][SyncManagerImpl::ConfigureSyncer] Types to download: History, Encryption Keys with reason: 5
2025-10-23 17:00:20.101: [INFO][SyncSchedulerImpl::DoConfigurationSyncCycleJob] Blocked types:  and types to download: History, Encryption Keys
2025-10-23 17:00:21.034: [INFO][SyncEngineBackend::DoFinishConfigureDataTypes] Failed to download types:  and succeeded types: History, Encryption Keys
2025-10-23 17:00:21.055: [INFO][Sync] ConfigurationDone, failed: , succeeded: History, Encryption Keys, remaining count: 0
2025-10-23 17:00:21.057: [INFO][Sync]     Configuration completed, state: 7
2025-10-23 17:00:21.057: [INFO][Sync] Configured DataTypeManager: Ok
2025-10-23 17:00:21.059: [INFO][SyncEngineBackend::DoStartSyncing] Start syncing
2025-10-23 17:00:23.436: [INFO][Sync] Reset engine, reason: 0
2025-10-23 17:00:23.436: [INFO][Sync] Reset engine with reason: 0
2025-10-23 17:06:49.630: [INFO][Sync] SyncState after authenticated was: FeatureCanStart
2025-10-23 17:06:52.238: [INFO][SyncAuthManager::SetLastAuthError] Current auth error: None
2025-10-23 17:06:52.238: [INFO][SyncAuthManager::EdgeLogTokenErrorState] Token error with: None for account type: MSA
2025-10-23 17:06:52.238: [INFO][Sync] Credentials changed for: EdgeSyncKeyDataScope
2025-10-23 17:06:59.755: [INFO][Sync] Try to start sync engine
2025-10-23 17:06:59.756: [INFO][SyncManagerImpl::NudgeForInitialDownload] Initial download nudge for Encryption Keys
2025-10-23 17:06:59.756: [INFO][SyncEngineBackend::LoadAndConnectNigoriController] Load and connect Nigori controller
2025-10-23 17:06:59.756: [INFO][SyncEngineBackend::DoInitialize] Control Types added: Encryption Keys
2025-10-23 17:06:59.756: [INFO][SyncManagerImpl::ConfigureSyncer] Types to download: Encryption Keys with reason: 3
2025-10-23 17:06:59.756: [INFO][SyncEngineBackend::DoUpdateKeyDataCredentials] Update key data credentials
2025-10-23 17:06:59.756: [INFO][SyncSchedulerImpl::DoConfigurationSyncCycleJob] Configure job was blocked
2025-10-23 17:06:59.796: [INFO][SyncAuthManager::SetLastAuthError] Current auth error: None
2025-10-23 17:06:59.796: [INFO][SyncAuthManager::EdgeLogTokenErrorState] Token error with: None for account type: MSA
2025-10-23 17:06:59.796: [INFO][Sync] Credentials changed for: EdgeSyncScopeNew
2025-10-23 17:06:59.796: [INFO][SyncEngineBackend::DoUpdateCredentials] Update credentials
2025-10-23 17:06:59.796: [INFO][SyncSchedulerImpl::DoConfigurationSyncCycleJob] Blocked types:  and types to download: Encryption Keys
2025-10-23 17:07:00.049: [INFO][SyncEngineBackend::DoUpdateKeyDataCredentials] Update key data credentials
2025-10-23 17:07:00.053: [INFO][Sync] Started DataTypeManager configuration, reason: 4
2025-10-23 17:07:00.053: [INFO][Sync] Configuring for: Bookmarks, Preferences, Passwords, Autofill Profiles, Autofill, Extensions, Sessions, Extension settings, History Delete Directives, Device Info, User Consents, Send Tab To Self, Web Apps, History, Saved Tab Group, WebAuthn Credentials, Collection, Edge E Drop, Edge Hub App Usage, Edge Wallet, Encryption Keys, reason: 4, current state: 0
2025-10-23 17:07:00.053: [WARN][Sync] Crypto error data types: Passwords, Autofill Profiles, Autofill
2025-10-23 17:07:00.054: [INFO][Sync] Configure, desired: Bookmarks, Preferences, Extensions, Sessions, Extension settings, History Delete Directives, Device Info, User Consents, Send Tab To Self, Web Apps, History, Saved Tab Group, WebAuthn Credentials, Collection, Edge E Drop, Edge Hub App Usage, Edge Wallet, Encryption Keys; Allow fail: Passwords, Autofill Profiles, Autofill
2025-10-23 17:07:00.055: [INFO][Sync] Loading: Bookmarks
2025-10-23 17:07:00.055: [INFO][Sync] Loading: Preferences
2025-10-23 17:07:00.055: [INFO][Sync] Loading: Extensions
2025-10-23 17:07:00.055: [INFO][Sync] Loading: Sessions
2025-10-23 17:07:00.055: [INFO][Sync] Loading: Extension settings
2025-10-23 17:07:00.055: [INFO][Sync] Loading: History Delete Directives
2025-10-23 17:07:00.055: [INFO][Sync] Loading: Device Info
2025-10-23 17:07:00.055: [INFO][Sync] Loading: User Consents
2025-10-23 17:07:00.055: [INFO][Sync] Loading: Send Tab To Self
2025-10-23 17:07:00.055: [INFO][Sync] Loading: Web Apps
2025-10-23 17:07:00.055: [INFO][Sync] Loading: History
2025-10-23 17:07:00.055: [INFO][Sync] Loading: Saved Tab Group
2025-10-23 17:07:00.055: [INFO][Sync] Loading: WebAuthn Credentials
2025-10-23 17:07:00.055: [INFO][Sync] Loading: Collection
2025-10-23 17:07:00.055: [INFO][Sync] Loading: Edge E Drop
2025-10-23 17:07:00.055: [INFO][Sync] Loading: Edge Hub App Usage
2025-10-23 17:07:00.055: [INFO][Sync] Loading: Edge Wallet
2025-10-23 17:07:00.057: [INFO][Sync] All data types are ready for configure.
2025-10-23 17:07:01.004: [INFO][Sync] Started DataTypeManager configuration, reason: 5
2025-10-23 17:07:01.004: [INFO][Sync] Configuring for: Bookmarks, Preferences, Passwords, Autofill Profiles, Autofill, Extensions, Sessions, Extension settings, History Delete Directives, Device Info, User Consents, Send Tab To Self, Web Apps, History, Saved Tab Group, WebAuthn Credentials, Collection, Edge E Drop, Edge Hub App Usage, Edge Wallet, Encryption Keys, reason: 5, current state: 1
2025-10-23 17:07:01.013: [INFO][SyncEngineBackend::DoStartConfiguration] Start configuration
2025-10-23 17:07:01.013: [INFO][SyncManagerImpl::ConfigureSyncer] Types to download:  with reason: 4
2025-10-23 17:07:01.013: [INFO][SyncEngineBackend::DoFinishConfigureDataTypes] Failed to download types:  and succeeded types: 
2025-10-23 17:07:01.013: [INFO][Sync] ConfigurationDone, failed: , succeeded: , remaining count: 4
2025-10-23 17:07:01.013: [WARN][Sync]     Reconfigure requested while configuration ongoing.
2025-10-23 17:07:01.013: [INFO][Sync] Configuring for: Bookmarks, Preferences, Passwords, Autofill Profiles, Autofill, Extensions, Sessions, Extension settings, History Delete Directives, Device Info, User Consents, Send Tab To Self, Web Apps, History, Saved Tab Group, WebAuthn Credentials, Collection, Edge E Drop, Edge Hub App Usage, Edge Wallet, Encryption Keys, reason: 5, current state: 2
2025-10-23 17:07:01.013: [INFO][Sync] Configure, desired: Bookmarks, Preferences, Passwords, Autofill Profiles, Autofill, Extensions, Sessions, Extension settings, History Delete Directives, Device Info, User Consents, Send Tab To Self, Web Apps, History, Saved Tab Group, WebAuthn Credentials, Collection, Edge E Drop, Edge Hub App Usage, Edge Wallet, Encryption Keys; Allow fail: 
2025-10-23 17:07:01.013: [INFO][Sync] Loading: Passwords
2025-10-23 17:07:01.013: [INFO][Sync] Loading: Autofill Profiles
2025-10-23 17:07:01.013: [INFO][Sync] Loading: Autofill
2025-10-23 17:07:01.013: [INFO][Sync] All data types are ready for configure.
2025-10-23 17:07:01.013: [INFO][SyncManagerImpl::ConfigureSyncer] Types to download:  with reason: 5
2025-10-23 17:07:01.013: [INFO][SyncEngineBackend::DoFinishConfigureDataTypes] Failed to download types:  and succeeded types: 
2025-10-23 17:07:01.013: [INFO][Sync] ConfigurationDone, failed: , succeeded: , remaining count: 4
2025-10-23 17:07:01.013: [INFO][SyncManagerImpl::ConfigureSyncer] Types to download:  with reason: 5
2025-10-23 17:07:01.014: [INFO][SyncEngineBackend::DoFinishConfigureDataTypes] Failed to download types:  and succeeded types: 
2025-10-23 17:07:01.014: [INFO][Sync] ConfigurationDone, failed: , succeeded: , remaining count: 3
2025-10-23 17:07:01.014: [INFO][SyncManagerImpl::ConfigureSyncer] Types to download:  with reason: 5
2025-10-23 17:07:01.014: [INFO][SyncEngineBackend::DoFinishConfigureDataTypes] Failed to download types:  and succeeded types: 
2025-10-23 17:07:01.014: [INFO][Sync] ConfigurationDone, failed: , succeeded: , remaining count: 2
2025-10-23 17:07:01.014: [INFO][SyncManagerImpl::ConfigureSyncer] Types to download:  with reason: 5
2025-10-23 17:07:01.014: [INFO][SyncEngineBackend::DoFinishConfigureDataTypes] Failed to download types:  and succeeded types: 
2025-10-23 17:07:01.014: [INFO][Sync] ConfigurationDone, failed: , succeeded: , remaining count: 1
2025-10-23 17:07:01.015: [INFO][SyncManagerImpl::ConfigureSyncer] Types to download:  with reason: 5
2025-10-23 17:07:01.015: [INFO][SyncEngineBackend::DoFinishConfigureDataTypes] Failed to download types:  and succeeded types: 
2025-10-23 17:07:01.015: [INFO][Sync] ConfigurationDone, failed: , succeeded: , remaining count: 0
2025-10-23 17:07:01.018: [INFO][Sync]     Configuration completed, state: 7
2025-10-23 17:07:01.018: [INFO][Sync] Configured DataTypeManager: Ok
2025-10-23 17:07:01.022: [INFO][SyncEngineBackend::DoStartSyncing] Start syncing
2025-10-23 17:07:20.951: [INFO][Sync] Reset engine, reason: 0
2025-10-23 17:07:20.951: [INFO][Sync] Reset engine with reason: 0
